<?xml version="1.0" encoding="UTF-8"?>
<coverage generated="1726907981413" clover="3.2.0">
  <project timestamp="1726907981413" name="All files">
    <metrics statements="82" coveredstatements="79" conditionals="40" coveredconditionals="36" methods="18" coveredmethods="18" elements="140" coveredelements="133" complexity="0" loc="82" ncloc="82" packages="2" files="6" classes="6"/>
    <package name="src">
      <metrics statements="31" coveredstatements="31" conditionals="17" coveredconditionals="16" methods="7" coveredmethods="7"/>
      <file name="buildAst.js" path="/home/kshagan/frontend-project-46/src/buildAst.js">
        <metrics statements="15" coveredstatements="15" conditionals="10" coveredconditionals="10" methods="2" coveredmethods="2"/>
        <line num="4" count="1" type="stmt"/>
        <line num="5" count="20" type="stmt"/>
        <line num="6" count="20" type="stmt"/>
        <line num="8" count="20" type="stmt"/>
        <line num="10" count="20" type="stmt"/>
        <line num="11" count="72" type="cond" truecount="2" falsecount="0"/>
        <line num="12" count="20" type="stmt"/>
        <line num="19" count="52" type="cond" truecount="2" falsecount="0"/>
        <line num="20" count="8" type="stmt"/>
        <line num="27" count="44" type="cond" truecount="4" falsecount="0"/>
        <line num="28" count="16" type="stmt"/>
        <line num="34" count="28" type="cond" truecount="2" falsecount="0"/>
        <line num="35" count="16" type="stmt"/>
        <line num="43" count="12" type="stmt"/>
        <line num="49" count="20" type="stmt"/>
      </file>
      <file name="genDiff.js" path="/home/kshagan/frontend-project-46/src/genDiff.js">
        <metrics statements="10" coveredstatements="10" conditionals="1" coveredconditionals="1" methods="4" coveredmethods="4"/>
        <line num="7" count="8" type="stmt"/>
        <line num="9" count="8" type="stmt"/>
        <line num="10" count="8" type="stmt"/>
        <line num="12" count="1" type="cond" truecount="1" falsecount="0"/>
        <line num="13" count="4" type="stmt"/>
        <line num="14" count="4" type="stmt"/>
        <line num="16" count="4" type="stmt"/>
        <line num="17" count="4" type="stmt"/>
        <line num="19" count="4" type="stmt"/>
        <line num="21" count="4" type="stmt"/>
      </file>
      <file name="parse.js" path="/home/kshagan/frontend-project-46/src/parse.js">
        <metrics statements="6" coveredstatements="6" conditionals="6" coveredconditionals="5" methods="1" coveredmethods="1"/>
        <line num="5" count="8" type="cond" truecount="2" falsecount="0"/>
        <line num="6" count="4" type="stmt"/>
        <line num="7" count="4" type="cond" truecount="2" falsecount="0"/>
        <line num="8" count="2" type="stmt"/>
        <line num="9" count="2" type="cond" truecount="1" falsecount="1"/>
        <line num="10" count="2" type="stmt"/>
      </file>
    </package>
    <package name="src.Formatters">
      <metrics statements="51" coveredstatements="48" conditionals="23" coveredconditionals="20" methods="11" coveredmethods="11"/>
      <file name="index.js" path="/home/kshagan/frontend-project-46/src/Formatters/index.js">
        <metrics statements="5" coveredstatements="4" conditionals="3" coveredconditionals="2" methods="1" coveredmethods="1"/>
        <line num="4" count="1" type="stmt"/>
        <line num="5" count="4" type="cond" truecount="2" falsecount="1"/>
        <line num="7" count="3" type="stmt"/>
        <line num="9" count="1" type="stmt"/>
        <line num="11" count="0" type="stmt"/>
      </file>
      <file name="plain.js" path="/home/kshagan/frontend-project-46/src/Formatters/plain.js">
        <metrics statements="18" coveredstatements="17" conditionals="9" coveredconditionals="8" methods="5" coveredmethods="5"/>
        <line num="3" count="1" type="stmt"/>
        <line num="4" count="13" type="cond" truecount="2" falsecount="0"/>
        <line num="5" count="3" type="stmt"/>
        <line num="7" count="10" type="cond" truecount="2" falsecount="0"/>
        <line num="10" count="1" type="stmt"/>
        <line num="11" count="1" type="stmt"/>
        <line num="12" count="5" type="stmt"/>
        <line num="13" count="18" type="stmt"/>
        <line num="15" count="15" type="stmt"/>
        <line num="16" count="15" type="stmt"/>
        <line num="18" count="15" type="cond" truecount="4" falsecount="1"/>
        <line num="20" count="5" type="stmt"/>
        <line num="22" count="2" type="stmt"/>
        <line num="24" count="4" type="stmt"/>
        <line num="26" count="4" type="stmt"/>
        <line num="28" count="0" type="stmt"/>
        <line num="31" count="5" type="stmt"/>
        <line num="33" count="1" type="stmt"/>
      </file>
      <file name="stylish.js" path="/home/kshagan/frontend-project-46/src/Formatters/stylish.js">
        <metrics statements="28" coveredstatements="27" conditionals="11" coveredconditionals="10" methods="5" coveredmethods="5"/>
        <line num="3" count="1" type="stmt"/>
        <line num="4" count="36" type="stmt"/>
        <line num="5" count="36" type="stmt"/>
        <line num="6" count="36" type="stmt"/>
        <line num="8" count="36" type="stmt"/>
        <line num="14" count="36" type="stmt"/>
        <line num="17" count="1" type="stmt"/>
        <line num="18" count="87" type="cond" truecount="2" falsecount="0"/>
        <line num="19" count="66" type="stmt"/>
        <line num="21" count="21" type="stmt"/>
        <line num="23" count="21" type="stmt"/>
        <line num="25" count="21" type="stmt"/>
        <line num="26" count="27" type="cond" truecount="2" falsecount="0"/>
        <line num="27" count="18" type="stmt"/>
        <line num="29" count="9" type="stmt"/>
        <line num="32" count="21" type="stmt"/>
        <line num="35" count="1" type="cond" truecount="1" falsecount="0"/>
        <line num="36" count="15" type="stmt"/>
        <line num="38" count="15" type="stmt"/>
        <line num="39" count="54" type="stmt"/>
        <line num="41" count="54" type="cond" truecount="5" falsecount="1"/>
        <line num="43" count="15" type="stmt"/>
        <line num="45" count="6" type="stmt"/>
        <line num="47" count="12" type="stmt"/>
        <line num="49" count="9" type="stmt"/>
        <line num="51" count="12" type="stmt"/>
        <line num="53" count="0" type="stmt"/>
        <line num="56" count="15" type="stmt"/>
      </file>
    </package>
  </project>
</coverage>
