{"/home/kshagan/frontend-project-46/src/buildAst.js": {"path":"/home/kshagan/frontend-project-46/src/buildAst.js","statementMap":{"0":{"start":{"line":4,"column":17},"end":{"line":50,"column":1}},"1":{"start":{"line":5,"column":16},"end":{"line":5,"column":33}},"2":{"start":{"line":6,"column":16},"end":{"line":6,"column":33}},"3":{"start":{"line":8,"column":21},"end":{"line":8,"column":52}},"4":{"start":{"line":10,"column":17},"end":{"line":48,"column":4}},"5":{"start":{"line":11,"column":4},"end":{"line":18,"column":5}},"6":{"start":{"line":12,"column":6},"end":{"line":17,"column":8}},"7":{"start":{"line":19,"column":4},"end":{"line":26,"column":5}},"8":{"start":{"line":20,"column":6},"end":{"line":25,"column":8}},"9":{"start":{"line":27,"column":4},"end":{"line":33,"column":5}},"10":{"start":{"line":28,"column":6},"end":{"line":32,"column":8}},"11":{"start":{"line":34,"column":4},"end":{"line":41,"column":5}},"12":{"start":{"line":35,"column":6},"end":{"line":40,"column":8}},"13":{"start":{"line":43,"column":4},"end":{"line":47,"column":6}},"14":{"start":{"line":49,"column":2},"end":{"line":49,"column":16}}},"fnMap":{"0":{"name":"(anonymous_0)","decl":{"start":{"line":4,"column":17},"end":{"line":4,"column":18}},"loc":{"start":{"line":4,"column":33},"end":{"line":50,"column":1}},"line":4},"1":{"name":"(anonymous_1)","decl":{"start":{"line":10,"column":32},"end":{"line":10,"column":33}},"loc":{"start":{"line":10,"column":41},"end":{"line":48,"column":3}},"line":10}},"branchMap":{"0":{"loc":{"start":{"line":11,"column":4},"end":{"line":18,"column":5}},"type":"if","locations":[{"start":{"line":11,"column":4},"end":{"line":18,"column":5}},{"start":{},"end":{}}],"line":11},"1":{"loc":{"start":{"line":19,"column":4},"end":{"line":26,"column":5}},"type":"if","locations":[{"start":{"line":19,"column":4},"end":{"line":26,"column":5}},{"start":{},"end":{}}],"line":19},"2":{"loc":{"start":{"line":27,"column":4},"end":{"line":33,"column":5}},"type":"if","locations":[{"start":{"line":27,"column":4},"end":{"line":33,"column":5}},{"start":{},"end":{}}],"line":27},"3":{"loc":{"start":{"line":27,"column":8},"end":{"line":27,"column":54}},"type":"binary-expr","locations":[{"start":{"line":27,"column":8},"end":{"line":27,"column":29}},{"start":{"line":27,"column":33},"end":{"line":27,"column":54}}],"line":27},"4":{"loc":{"start":{"line":34,"column":4},"end":{"line":41,"column":5}},"type":"if","locations":[{"start":{"line":34,"column":4},"end":{"line":41,"column":5}},{"start":{},"end":{}}],"line":34}},"s":{"0":1,"1":25,"2":25,"3":25,"4":25,"5":90,"6":25,"7":65,"8":10,"9":55,"10":20,"11":35,"12":20,"13":15,"14":25},"f":{"0":25,"1":90},"b":{"0":[25,65],"1":[10,55],"2":[20,35],"3":[55,25],"4":[20,15]},"_coverageSchema":"1a1c01bbd47fc00a2c39e90264f33305004495a9","hash":"3ade2d6b598f10f9e0b4f0d589fba7c4e6d3fc7a"}
,"/home/kshagan/frontend-project-46/src/genDiff.js": {"path":"/home/kshagan/frontend-project-46/src/genDiff.js","statementMap":{"0":{"start":{"line":7,"column":20},"end":{"line":7,"column":71}},"1":{"start":{"line":7,"column":34},"end":{"line":7,"column":71}},"2":{"start":{"line":9,"column":22},"end":{"line":9,"column":67}},"3":{"start":{"line":9,"column":36},"end":{"line":9,"column":67}},"4":{"start":{"line":10,"column":16},"end":{"line":10,"column":96}},"5":{"start":{"line":10,"column":30},"end":{"line":10,"column":96}},"6":{"start":{"line":12,"column":16},"end":{"line":22,"column":1}},"7":{"start":{"line":13,"column":24},"end":{"line":13,"column":46}},"8":{"start":{"line":14,"column":24},"end":{"line":14,"column":46}},"9":{"start":{"line":16,"column":16},"end":{"line":16,"column":38}},"10":{"start":{"line":17,"column":16},"end":{"line":17,"column":38}},"11":{"start":{"line":19,"column":15},"end":{"line":19,"column":37}},"12":{"start":{"line":21,"column":2},"end":{"line":21,"column":38}}},"fnMap":{"0":{"name":"(anonymous_0)","decl":{"start":{"line":7,"column":20},"end":{"line":7,"column":21}},"loc":{"start":{"line":7,"column":34},"end":{"line":7,"column":71}},"line":7},"1":{"name":"(anonymous_1)","decl":{"start":{"line":9,"column":22},"end":{"line":9,"column":23}},"loc":{"start":{"line":9,"column":36},"end":{"line":9,"column":67}},"line":9},"2":{"name":"(anonymous_2)","decl":{"start":{"line":10,"column":16},"end":{"line":10,"column":17}},"loc":{"start":{"line":10,"column":30},"end":{"line":10,"column":96}},"line":10},"3":{"name":"(anonymous_3)","decl":{"start":{"line":12,"column":16},"end":{"line":12,"column":17}},"loc":{"start":{"line":12,"column":66},"end":{"line":22,"column":1}},"line":12}},"branchMap":{"0":{"loc":{"start":{"line":12,"column":39},"end":{"line":12,"column":61}},"type":"default-arg","locations":[{"start":{"line":12,"column":52},"end":{"line":12,"column":61}}],"line":12}},"s":{"0":1,"1":10,"2":1,"3":10,"4":1,"5":10,"6":1,"7":5,"8":5,"9":5,"10":5,"11":5,"12":5},"f":{"0":10,"1":10,"2":10,"3":5},"b":{"0":[3]},"_coverageSchema":"1a1c01bbd47fc00a2c39e90264f33305004495a9","hash":"7e69a012a09d5cacbb026f791d953f4711369a02"}
,"/home/kshagan/frontend-project-46/src/parse.js": {"path":"/home/kshagan/frontend-project-46/src/parse.js","statementMap":{"0":{"start":{"line":5,"column":2},"end":{"line":7,"column":3}},"1":{"start":{"line":6,"column":4},"end":{"line":6,"column":28}},"2":{"start":{"line":7,"column":4},"end":{"line":9,"column":3}},"3":{"start":{"line":8,"column":4},"end":{"line":8,"column":27}},"4":{"start":{"line":9,"column":4},"end":{"line":11,"column":3}},"5":{"start":{"line":10,"column":4},"end":{"line":10,"column":27}},"6":{"start":{"line":12,"column":2},"end":{"line":12,"column":36}}},"fnMap":{"0":{"name":"parse","decl":{"start":{"line":4,"column":9},"end":{"line":4,"column":14}},"loc":{"start":{"line":4,"column":29},"end":{"line":13,"column":1}},"line":4}},"branchMap":{"0":{"loc":{"start":{"line":5,"column":2},"end":{"line":7,"column":3}},"type":"if","locations":[{"start":{"line":5,"column":2},"end":{"line":7,"column":3}},{"start":{},"end":{}}],"line":5},"1":{"loc":{"start":{"line":7,"column":4},"end":{"line":9,"column":3}},"type":"if","locations":[{"start":{"line":7,"column":4},"end":{"line":9,"column":3}},{"start":{},"end":{}}],"line":7},"2":{"loc":{"start":{"line":9,"column":4},"end":{"line":11,"column":3}},"type":"if","locations":[{"start":{"line":9,"column":4},"end":{"line":11,"column":3}},{"start":{},"end":{}}],"line":9}},"s":{"0":10,"1":6,"2":4,"3":2,"4":2,"5":2,"6":0},"f":{"0":10},"b":{"0":[6,4],"1":[2,2],"2":[2,0]},"_coverageSchema":"1a1c01bbd47fc00a2c39e90264f33305004495a9","hash":"f80c95e85348230293f53cb1d553efd3f7fbd51d"}
,"/home/kshagan/frontend-project-46/src/Formatters/index.js": {"path":"/home/kshagan/frontend-project-46/src/Formatters/index.js","statementMap":{"0":{"start":{"line":5,"column":19},"end":{"line":16,"column":1}},"1":{"start":{"line":6,"column":2},"end":{"line":15,"column":3}},"2":{"start":{"line":8,"column":6},"end":{"line":8,"column":27}},"3":{"start":{"line":10,"column":6},"end":{"line":10,"column":25}},"4":{"start":{"line":12,"column":6},"end":{"line":12,"column":24}},"5":{"start":{"line":14,"column":6},"end":{"line":14,"column":40}}},"fnMap":{"0":{"name":"(anonymous_0)","decl":{"start":{"line":5,"column":19},"end":{"line":5,"column":20}},"loc":{"start":{"line":5,"column":41},"end":{"line":16,"column":1}},"line":5}},"branchMap":{"0":{"loc":{"start":{"line":6,"column":2},"end":{"line":15,"column":3}},"type":"switch","locations":[{"start":{"line":7,"column":4},"end":{"line":8,"column":27}},{"start":{"line":9,"column":4},"end":{"line":10,"column":25}},{"start":{"line":11,"column":4},"end":{"line":12,"column":24}},{"start":{"line":13,"column":4},"end":{"line":14,"column":40}}],"line":6}},"s":{"0":1,"1":5,"2":3,"3":1,"4":1,"5":0},"f":{"0":5},"b":{"0":[3,1,1,0]},"_coverageSchema":"1a1c01bbd47fc00a2c39e90264f33305004495a9","hash":"da27d26e0db307a42de50f635ca03f50099dddb8"}
,"/home/kshagan/frontend-project-46/src/Formatters/json.js": {"path":"/home/kshagan/frontend-project-46/src/Formatters/json.js","statementMap":{"0":{"start":{"line":1,"column":13},"end":{"line":1,"column":64}},"1":{"start":{"line":1,"column":23},"end":{"line":1,"column":64}}},"fnMap":{"0":{"name":"(anonymous_0)","decl":{"start":{"line":1,"column":13},"end":{"line":1,"column":14}},"loc":{"start":{"line":1,"column":23},"end":{"line":1,"column":64}},"line":1}},"branchMap":{},"s":{"0":1,"1":1},"f":{"0":1},"b":{},"_coverageSchema":"1a1c01bbd47fc00a2c39e90264f33305004495a9","hash":"8371eb950bdc969857876d8c2f142b905fee7228"}
,"/home/kshagan/frontend-project-46/src/Formatters/plain.js": {"path":"/home/kshagan/frontend-project-46/src/Formatters/plain.js","statementMap":{"0":{"start":{"line":3,"column":18},"end":{"line":8,"column":1}},"1":{"start":{"line":4,"column":2},"end":{"line":6,"column":3}},"2":{"start":{"line":5,"column":4},"end":{"line":5,"column":29}},"3":{"start":{"line":7,"column":2},"end":{"line":7,"column":58}},"4":{"start":{"line":10,"column":14},"end":{"line":34,"column":1}},"5":{"start":{"line":11,"column":15},"end":{"line":32,"column":3}},"6":{"start":{"line":12,"column":21},"end":{"line":30,"column":8}},"7":{"start":{"line":13,"column":28},"end":{"line":13,"column":48}},"8":{"start":{"line":15,"column":21},"end":{"line":15,"column":43}},"9":{"start":{"line":16,"column":25},"end":{"line":16,"column":39}},"10":{"start":{"line":18,"column":8},"end":{"line":29,"column":9}},"11":{"start":{"line":20,"column":12},"end":{"line":20,"column":91}},"12":{"start":{"line":22,"column":12},"end":{"line":22,"column":56}},"13":{"start":{"line":24,"column":12},"end":{"line":24,"column":117}},"14":{"start":{"line":26,"column":12},"end":{"line":26,"column":45}},"15":{"start":{"line":28,"column":12},"end":{"line":28,"column":44}},"16":{"start":{"line":31,"column":4},"end":{"line":31,"column":31}},"17":{"start":{"line":33,"column":2},"end":{"line":33,"column":24}}},"fnMap":{"0":{"name":"(anonymous_0)","decl":{"start":{"line":3,"column":18},"end":{"line":3,"column":19}},"loc":{"start":{"line":3,"column":29},"end":{"line":8,"column":1}},"line":3},"1":{"name":"(anonymous_1)","decl":{"start":{"line":10,"column":14},"end":{"line":10,"column":15}},"loc":{"start":{"line":10,"column":24},"end":{"line":34,"column":1}},"line":10},"2":{"name":"(anonymous_2)","decl":{"start":{"line":11,"column":15},"end":{"line":11,"column":16}},"loc":{"start":{"line":11,"column":34},"end":{"line":32,"column":3}},"line":11},"3":{"name":"(anonymous_3)","decl":{"start":{"line":13,"column":14},"end":{"line":13,"column":15}},"loc":{"start":{"line":13,"column":28},"end":{"line":13,"column":48}},"line":13},"4":{"name":"(anonymous_4)","decl":{"start":{"line":14,"column":11},"end":{"line":14,"column":12}},"loc":{"start":{"line":14,"column":21},"end":{"line":30,"column":7}},"line":14}},"branchMap":{"0":{"loc":{"start":{"line":4,"column":2},"end":{"line":6,"column":3}},"type":"if","locations":[{"start":{"line":4,"column":2},"end":{"line":6,"column":3}},{"start":{},"end":{}}],"line":4},"1":{"loc":{"start":{"line":7,"column":9},"end":{"line":7,"column":57}},"type":"cond-expr","locations":[{"start":{"line":7,"column":29},"end":{"line":7,"column":41}},{"start":{"line":7,"column":44},"end":{"line":7,"column":57}}],"line":7},"2":{"loc":{"start":{"line":18,"column":8},"end":{"line":29,"column":9}},"type":"switch","locations":[{"start":{"line":19,"column":10},"end":{"line":20,"column":91}},{"start":{"line":21,"column":10},"end":{"line":22,"column":56}},{"start":{"line":23,"column":10},"end":{"line":24,"column":117}},{"start":{"line":25,"column":10},"end":{"line":26,"column":45}},{"start":{"line":27,"column":10},"end":{"line":28,"column":44}}],"line":18}},"s":{"0":1,"1":13,"2":3,"3":10,"4":1,"5":1,"6":5,"7":18,"8":15,"9":15,"10":15,"11":5,"12":2,"13":4,"14":4,"15":0,"16":5,"17":1},"f":{"0":13,"1":1,"2":5,"3":18,"4":15},"b":{"0":[3,10],"1":[7,3],"2":[5,2,4,4,0]},"_coverageSchema":"1a1c01bbd47fc00a2c39e90264f33305004495a9","hash":"e136b3f840f56752443e8f2e24036a72098248ae"}
,"/home/kshagan/frontend-project-46/src/Formatters/stylish.js": {"path":"/home/kshagan/frontend-project-46/src/Formatters/stylish.js","statementMap":{"0":{"start":{"line":3,"column":24},"end":{"line":15,"column":1}},"1":{"start":{"line":4,"column":22},"end":{"line":4,"column":26}},"2":{"start":{"line":5,"column":27},"end":{"line":5,"column":28}},"3":{"start":{"line":6,"column":29},"end":{"line":6,"column":53}},"4":{"start":{"line":8,"column":25},"end":{"line":12,"column":3}},"5":{"start":{"line":14,"column":2},"end":{"line":14,"column":24}},"6":{"start":{"line":17,"column":18},"end":{"line":33,"column":1}},"7":{"start":{"line":18,"column":2},"end":{"line":20,"column":3}},"8":{"start":{"line":19,"column":4},"end":{"line":19,"column":23}},"9":{"start":{"line":21,"column":22},"end":{"line":21,"column":44}},"10":{"start":{"line":23,"column":23},"end":{"line":23,"column":42}},"11":{"start":{"line":25,"column":21},"end":{"line":30,"column":4}},"12":{"start":{"line":26,"column":4},"end":{"line":28,"column":5}},"13":{"start":{"line":27,"column":6},"end":{"line":27,"column":64}},"14":{"start":{"line":29,"column":4},"end":{"line":29,"column":84}},"15":{"start":{"line":32,"column":2},"end":{"line":32,"column":78}},"16":{"start":{"line":35,"column":16},"end":{"line":57,"column":1}},"17":{"start":{"line":36,"column":22},"end":{"line":36,"column":44}},"18":{"start":{"line":38,"column":16},"end":{"line":55,"column":4}},"19":{"start":{"line":39,"column":22},"end":{"line":39,"column":54}},"20":{"start":{"line":41,"column":4},"end":{"line":54,"column":5}},"21":{"start":{"line":43,"column":8},"end":{"line":43,"column":76}},"22":{"start":{"line":45,"column":8},"end":{"line":45,"column":76}},"23":{"start":{"line":47,"column":8},"end":{"line":47,"column":184}},"24":{"start":{"line":49,"column":8},"end":{"line":49,"column":76}},"25":{"start":{"line":51,"column":8},"end":{"line":51,"column":100}},"26":{"start":{"line":53,"column":8},"end":{"line":53,"column":40}},"27":{"start":{"line":56,"column":2},"end":{"line":56,"column":73}}},"fnMap":{"0":{"name":"(anonymous_0)","decl":{"start":{"line":3,"column":24},"end":{"line":3,"column":25}},"loc":{"start":{"line":3,"column":35},"end":{"line":15,"column":1}},"line":3},"1":{"name":"(anonymous_1)","decl":{"start":{"line":17,"column":18},"end":{"line":17,"column":19}},"loc":{"start":{"line":17,"column":34},"end":{"line":33,"column":1}},"line":17},"2":{"name":"(anonymous_2)","decl":{"start":{"line":25,"column":38},"end":{"line":25,"column":39}},"loc":{"start":{"line":25,"column":56},"end":{"line":30,"column":3}},"line":25},"3":{"name":"(anonymous_3)","decl":{"start":{"line":35,"column":16},"end":{"line":35,"column":17}},"loc":{"start":{"line":35,"column":37},"end":{"line":57,"column":1}},"line":35},"4":{"name":"(anonymous_4)","decl":{"start":{"line":38,"column":25},"end":{"line":38,"column":26}},"loc":{"start":{"line":38,"column":35},"end":{"line":55,"column":3}},"line":38}},"branchMap":{"0":{"loc":{"start":{"line":18,"column":2},"end":{"line":20,"column":3}},"type":"if","locations":[{"start":{"line":18,"column":2},"end":{"line":20,"column":3}},{"start":{},"end":{}}],"line":18},"1":{"loc":{"start":{"line":26,"column":4},"end":{"line":28,"column":5}},"type":"if","locations":[{"start":{"line":26,"column":4},"end":{"line":28,"column":5}},{"start":{},"end":{}}],"line":26},"2":{"loc":{"start":{"line":35,"column":23},"end":{"line":35,"column":32}},"type":"default-arg","locations":[{"start":{"line":35,"column":31},"end":{"line":35,"column":32}}],"line":35},"3":{"loc":{"start":{"line":41,"column":4},"end":{"line":54,"column":5}},"type":"switch","locations":[{"start":{"line":42,"column":6},"end":{"line":43,"column":76}},{"start":{"line":44,"column":6},"end":{"line":45,"column":76}},{"start":{"line":46,"column":6},"end":{"line":47,"column":184}},{"start":{"line":48,"column":6},"end":{"line":49,"column":76}},{"start":{"line":50,"column":6},"end":{"line":51,"column":100}},{"start":{"line":52,"column":6},"end":{"line":53,"column":40}}],"line":41}},"s":{"0":1,"1":36,"2":36,"3":36,"4":36,"5":36,"6":1,"7":87,"8":66,"9":21,"10":21,"11":21,"12":27,"13":18,"14":9,"15":21,"16":1,"17":15,"18":15,"19":54,"20":54,"21":15,"22":6,"23":12,"24":9,"25":12,"26":0,"27":15},"f":{"0":36,"1":87,"2":27,"3":15,"4":54},"b":{"0":[66,21],"1":[18,9],"2":[3],"3":[15,6,12,9,12,0]},"_coverageSchema":"1a1c01bbd47fc00a2c39e90264f33305004495a9","hash":"ac632f89a2d440c89822e6b4d383f0ffdab963d8"}
}
