TN:
SF:src/findDiff.js
FN:4,(anonymous_0)
FNF:1
FNH:1
FNDA:2,(anonymous_0)
DA:4,1
DA:6,2
DA:8,2
DA:9,2
DA:11,2
DA:12,2
DA:14,2
DA:15,8
DA:16,4
DA:17,4
DA:18,2
DA:19,2
DA:20,2
DA:21,2
DA:25,2
DA:26,6
DA:27,2
DA:30,2
DA:32,2
LF:19
LH:19
BRDA:15,0,0,4
BRDA:15,0,1,4
BRDA:17,1,0,2
BRDA:17,1,1,2
BRDA:20,2,0,2
BRDA:20,2,1,0
BRDA:26,3,0,2
BRDA:26,3,1,4
BRF:8
BRH:7
end_of_record
TN:
SF:src/genDiff.js
FN:6,(anonymous_0)
FN:8,(anonymous_1)
FN:9,(anonymous_2)
FN:11,(anonymous_3)
FNF:4
FNH:4
FNDA:4,(anonymous_0)
FNDA:4,(anonymous_1)
FNDA:4,(anonymous_2)
FNDA:2,(anonymous_3)
DA:6,4
DA:8,4
DA:9,4
DA:11,1
DA:12,2
DA:13,2
DA:15,2
DA:16,2
DA:18,2
DA:20,2
LF:10
LH:10
BRF:0
BRH:0
end_of_record
TN:
SF:src/parse.js
FN:4,parse
FNF:1
FNH:1
FNDA:4,parse
DA:5,4
DA:6,2
DA:7,2
DA:8,0
DA:9,2
DA:10,2
LF:6
LH:5
BRDA:5,0,0,2
BRDA:5,0,1,2
BRDA:7,1,0,0
BRDA:7,1,1,2
BRDA:9,2,0,2
BRDA:9,2,1,0
BRF:6
BRH:4
end_of_record
