TN:
SF:src/buildAst.js
FN:4,(anonymous_0)
FN:10,(anonymous_1)
FNF:2
FNH:2
FNDA:25,(anonymous_0)
FNDA:90,(anonymous_1)
DA:4,1
DA:5,25
DA:6,25
DA:8,25
DA:10,25
DA:11,90
DA:12,25
DA:19,65
DA:20,10
DA:27,55
DA:28,20
DA:34,35
DA:35,20
DA:43,15
DA:49,25
LF:15
LH:15
BRDA:11,0,0,25
BRDA:11,0,1,65
BRDA:19,1,0,10
BRDA:19,1,1,55
BRDA:27,2,0,20
BRDA:27,2,1,35
BRDA:27,3,0,55
BRDA:27,3,1,25
BRDA:34,4,0,20
BRDA:34,4,1,15
BRF:10
BRH:10
end_of_record
TN:
SF:src/genDiff.js
FN:7,(anonymous_0)
FN:9,(anonymous_1)
FN:10,(anonymous_2)
FN:12,(anonymous_3)
FNF:4
FNH:4
FNDA:10,(anonymous_0)
FNDA:10,(anonymous_1)
FNDA:10,(anonymous_2)
FNDA:5,(anonymous_3)
DA:7,10
DA:9,10
DA:10,10
DA:12,1
DA:13,5
DA:14,5
DA:16,5
DA:17,5
DA:19,5
DA:21,5
LF:10
LH:10
BRDA:12,0,0,3
BRF:1
BRH:1
end_of_record
TN:
SF:src/parse.js
FN:4,parse
FNF:1
FNH:1
FNDA:10,parse
DA:5,10
DA:6,6
DA:7,4
DA:8,2
DA:9,2
DA:10,2
LF:6
LH:6
BRDA:5,0,0,6
BRDA:5,0,1,4
BRDA:7,1,0,2
BRDA:7,1,1,2
BRDA:9,2,0,2
BRDA:9,2,1,0
BRF:6
BRH:5
end_of_record
TN:
SF:src/Formatters/index.js
FN:5,(anonymous_0)
FNF:1
FNH:1
FNDA:5,(anonymous_0)
DA:5,1
DA:6,5
DA:8,3
DA:10,1
DA:12,1
DA:14,0
LF:6
LH:5
BRDA:6,0,0,3
BRDA:6,0,1,1
BRDA:6,0,2,1
BRDA:6,0,3,0
BRF:4
BRH:3
end_of_record
TN:
SF:src/Formatters/json.js
FN:1,(anonymous_0)
FNF:1
FNH:1
FNDA:1,(anonymous_0)
DA:1,1
LF:1
LH:1
BRF:0
BRH:0
end_of_record
TN:
SF:src/Formatters/plain.js
FN:3,(anonymous_0)
FN:10,(anonymous_1)
FN:11,(anonymous_2)
FN:13,(anonymous_3)
FN:14,(anonymous_4)
FNF:5
FNH:5
FNDA:13,(anonymous_0)
FNDA:1,(anonymous_1)
FNDA:5,(anonymous_2)
FNDA:18,(anonymous_3)
FNDA:15,(anonymous_4)
DA:3,1
DA:4,13
DA:5,3
DA:7,10
DA:10,1
DA:11,1
DA:12,5
DA:13,18
DA:15,15
DA:16,15
DA:18,15
DA:20,5
DA:22,2
DA:24,4
DA:26,4
DA:28,0
DA:31,5
DA:33,1
LF:18
LH:17
BRDA:4,0,0,3
BRDA:4,0,1,10
BRDA:7,1,0,7
BRDA:7,1,1,3
BRDA:18,2,0,5
BRDA:18,2,1,2
BRDA:18,2,2,4
BRDA:18,2,3,4
BRDA:18,2,4,0
BRF:9
BRH:8
end_of_record
TN:
SF:src/Formatters/stylish.js
FN:3,(anonymous_0)
FN:17,(anonymous_1)
FN:25,(anonymous_2)
FN:35,(anonymous_3)
FN:38,(anonymous_4)
FNF:5
FNH:5
FNDA:36,(anonymous_0)
FNDA:87,(anonymous_1)
FNDA:27,(anonymous_2)
FNDA:15,(anonymous_3)
FNDA:54,(anonymous_4)
DA:3,1
DA:4,36
DA:5,36
DA:6,36
DA:8,36
DA:14,36
DA:17,1
DA:18,87
DA:19,66
DA:21,21
DA:23,21
DA:25,21
DA:26,27
DA:27,18
DA:29,9
DA:32,21
DA:35,1
DA:36,15
DA:38,15
DA:39,54
DA:41,54
DA:43,15
DA:45,6
DA:47,12
DA:49,9
DA:51,12
DA:53,0
DA:56,15
LF:28
LH:27
BRDA:18,0,0,66
BRDA:18,0,1,21
BRDA:26,1,0,18
BRDA:26,1,1,9
BRDA:35,2,0,3
BRDA:41,3,0,15
BRDA:41,3,1,6
BRDA:41,3,2,12
BRDA:41,3,3,9
BRDA:41,3,4,12
BRDA:41,3,5,0
BRF:11
BRH:10
end_of_record
